Device Boot Report
31063 2014-01-26 09:55:07 success 
31176 2014-01-26 09:58:04 stopped
Time elapsed: 177000ms
31274 2014-01-26 12:15:18 failure
32623 2014-01-27 12:27:55 failure
32656 2014-01-27 12:32:51 failure
32693 2014-01-27 14:02:38 success 
32801 2014-01-27 14:05:21 stopped
Time elapsed: 163000ms
33709 2014-01-28 12:44:17 failure
34594 2014-01-29 12:43:07 failure
37428 2014-01-30 12:43:05 failure
38258 2014-01-31 14:02:33 success 
38366 2014-01-31 14:05:16 stopped
Time elapsed: 163000ms
39150 2014-02-01 12:39:38 failure
39182 2014-02-01 14:02:32 success 
39290 2014-02-01 14:05:16 stopped
Time elapsed: 164000ms
40288 2014-02-02 14:02:39 success 
40397 2014-02-02 14:05:31 stopped
Time elapsed: 172000ms
41615 2014-02-03 12:35:55 failure
41648 2014-02-03 12:40:48 failure
41684 2014-02-03 12:45:46 failure
