Device Boot Report
2 2014-04-03 20:27:48 success 
161 2014-04-03 20:31:01 stopped
Time elapsed: 193000ms
82079 2014-04-09 14:51:15 success 
82303 2014-04-09 14:54:39 stopped
Time elapsed: 204000ms
85398 2014-04-10 18:13:13 success 
85564 2014-04-10 18:16:37 stopped
Time elapsed: 204000ms
85957 2014-04-10 19:11:05 success 
86123 2014-04-10 19:14:24 stopped
Time elapsed: 199000ms
86127 2014-04-10 19:18:36 success 
86293 2014-04-10 19:21:56 stopped
Time elapsed: 200000ms
86568 2014-04-10 19:32:16 success 
86732 2014-04-10 19:35:36 stopped
Time elapsed: 200000ms
86750 2014-04-10 20:06:27 success 
86821 2014-04-10 20:09:07 stopped
Time elapsed: 160000ms
86939 2014-04-11 00:15:56 success 
87111 2014-04-11 00:18:49 stopped
Time elapsed: 173000ms
87116 2014-04-11 13:28:25 success 
87286 2014-04-11 13:31:12 stopped
Time elapsed: 167000ms
87836 2014-04-11 13:58:02 success 
88009 2014-04-11 14:00:49 stopped
Time elapsed: 167000ms
88983 2014-04-11 14:23:42 success 
89155 2014-04-11 14:26:31 stopped
Time elapsed: 169000ms
90112 2014-04-14 12:13:59 failure
90176 2014-04-14 12:18:44 success 
90307 2014-04-14 12:21:25 stopped
Time elapsed: 161000ms
